app/build/outputs/logs/manifest-merger-debug-report.txt
-- Merging decision tree log ---
manifest
ADDED from src/main/AndroidManifest.xml:2:1-78:12
INJECTED from src/main/AndroidManifest.xml:2:1-78:12
INJECTED from src/main/AndroidManifest.xml:2:1-78:12
INJECTED from src/main/AndroidManifest.xml:2:1-78:12
MERGED from [:facesdk] AndroidManifest.xml:3:1-20:12
MERGED from [com.inuker.bluetooth:library:1.4.0] AndroidManifest.xml:2:1-24:12
MERGED from [com.dilusense.android:customkeyboard:1.1] AndroidManifest.xml:2:1-17:12
MERGED from [com.android.support:design:27.1.1] AndroidManifest.xml:17:1-22:12
MERGED from [com.android.support:appcompat-v7:27.1.1] AndroidManifest.xml:17:1-22:12
MERGED from [com.android.support:recyclerview-v7:27.1.1] AndroidManifest.xml:17:1-22:12
MERGED from [cat.ereza:customactivityoncrash:1.5.0] AndroidManifest.xml:17:1-33:12
MERGED from [com.android.support.constraint:constraint-layout:1.0.2] AndroidManifest.xml:2:1-11:12
MERGED from [com.victor:lib:1.0.4] AndroidManifest.xml:2:1-16:12
MERGED from [com.github.vipulasri:timelineview:1.1.0] AndroidManifest.xml:2:1-17:12
MERGED from [com.github.bumptech.glide:glide:4.8.0] AndroidManifest.xml:2:1-12:12
MERGED from [com.android.support:support-v4:27.1.1] AndroidManifest.xml:17:1-22:12
MERGED from [com.android.support:support-fragment:27.1.1] AndroidManifest.xml:17:1-22:12
MERGED from [com.android.support:animated-vector-drawable:27.1.1] AndroidManifest.xml:17:1-22:12
MERGED from [com.android.support:support-core-ui:27.1.1] AndroidManifest.xml:17:1-22:12
MERGED from [com.android.support:support-core-utils:27.1.1] AndroidManifest.xml:17:1-22:12
MERGED from [com.android.support:support-vector-drawable:27.1.1] AndroidManifest.xml:17:1-22:12
MERGED from [com.android.support:transition:27.1.1] AndroidManifest.xml:17:1-22:12
MERGED from [com.android.support:support-media-compat:27.1.1] AndroidManifest.xml:17:1-22:12
MERGED from [com.android.support:support-compat:27.1.1] AndroidManifest.xml:17:1-22:12
MERGED from [com.github.bumptech.glide:gifdecoder:4.8.0] AndroidManifest.xml:2:1-11:12
MERGED from [android.arch.lifecycle:livedata-core:1.1.0] AndroidManifest.xml:17:1-22:12
MERGED from [android.arch.lifecycle:viewmodel:1.1.0] AndroidManifest.xml:17:1-22:12
MERGED from [android.arch.lifecycle:runtime:1.1.0] AndroidManifest.xml:17:1-22:12
MERGED from [android.arch.core:runtime:1.1.0] AndroidManifest.xml:17:1-22:12
INJECTED from src/main/AndroidManifest.xml:2:1-78:12
INJECTED from src/main/AndroidManifest.xml:2:1-78:12
INJECTED from src/main/AndroidManifest.xml:2:1-78:12
	package
		ADDED from src/main/AndroidManifest.xml:3:5-41
		INJECTED from src/main/AndroidManifest.xml
		INJECTED from src/main/AndroidManifest.xml
	android:versionName
		INJECTED from src/main/AndroidManifest.xml
		ADDED from src/main/AndroidManifest.xml:2:1-78:12
		INJECTED from src/main/AndroidManifest.xml
	android:versionCode
		INJECTED from src/main/AndroidManifest.xml
		ADDED from src/main/AndroidManifest.xml:2:1-78:12
		INJECTED from src/main/AndroidManifest.xml
	xmlns:android
		ADDED from src/main/AndroidManifest.xml:2:11-69
uses-permission#android.permission.CAMERA
ADDED from src/main/AndroidManifest.xml:5:5-65
MERGED from [:facesdk] AndroidManifest.xml:12:5-65
MERGED from [:facesdk] AndroidManifest.xml:12:5-65
	android:name
		ADDED from src/main/AndroidManifest.xml:5:22-62
uses-permission#android.permission.INTERNET
ADDED from src/main/AndroidManifest.xml:6:5-67
	android:name
		ADDED from src/main/AndroidManifest.xml:6:22-64
uses-permission#android.permission.READ_EXTERNAL_STORAGE
ADDED from src/main/AndroidManifest.xml:7:5-80
	android:name
		ADDED from src/main/AndroidManifest.xml:7:22-77
uses-permission#android.permission.WRITE_EXTERNAL_STORAGE
ADDED from src/main/AndroidManifest.xml:8:5-81
	android:name
		ADDED from src/main/AndroidManifest.xml:8:22-78
uses-permission#android.permission.ACCESS_NETWORK_STATE
ADDED from src/main/AndroidManifest.xml:9:5-78
	android:name
		ADDED from src/main/AndroidManifest.xml:9:22-76
uses-permission#android.permission.BLUETOOTH
ADDED from src/main/AndroidManifest.xml:10:5-68
MERGED from [com.inuker.bluetooth:library:1.4.0] AndroidManifest.xml:11:5-68
MERGED from [com.inuker.bluetooth:library:1.4.0] AndroidManifest.xml:11:5-68
	android:name
		ADDED from src/main/AndroidManifest.xml:10:22-65
uses-permission#android.permission.BLUETOOTH_ADMIN
ADDED from src/main/AndroidManifest.xml:11:5-74
MERGED from [com.inuker.bluetooth:library:1.4.0] AndroidManifest.xml:12:5-74
MERGED from [com.inuker.bluetooth:library:1.4.0] AndroidManifest.xml:12:5-74
	android:name
		ADDED from src/main/AndroidManifest.xml:11:22-71
uses-permission#android.permission.ACCESS_FINE_LOCATION
ADDED from src/main/AndroidManifest.xml:12:5-79
MERGED from [com.inuker.bluetooth:library:1.4.0] AndroidManifest.xml:13:5-79
MERGED from [com.inuker.bluetooth:library:1.4.0] AndroidManifest.xml:13:5-79
	android:name
		ADDED from src/main/AndroidManifest.xml:12:22-76
uses-permission#android.permission.ACCESS_COARSE_LOCATION
ADDED from src/main/AndroidManifest.xml:13:5-81
MERGED from [com.inuker.bluetooth:library:1.4.0] AndroidManifest.xml:14:5-81
MERGED from [com.inuker.bluetooth:library:1.4.0] AndroidManifest.xml:14:5-81
	android:name
		ADDED from src/main/AndroidManifest.xml:13:22-78
uses-feature#android.hardware.camera
ADDED from src/main/AndroidManifest.xml:15:5-60
	android:name
		ADDED from src/main/AndroidManifest.xml:15:19-57
uses-feature#android.hardware.camera.autofocus
ADDED from src/main/AndroidManifest.xml:16:5-70
	android:name
		ADDED from src/main/AndroidManifest.xml:16:19-67
uses-feature#android.hardware.bluetooth_le
ADDED from src/main/AndroidManifest.xml:17:5-19:35
MERGED from [com.inuker.bluetooth:library:1.4.0] AndroidManifest.xml:16:5-18:35
MERGED from [com.inuker.bluetooth:library:1.4.0] AndroidManifest.xml:16:5-18:35
	android:required
		ADDED from src/main/AndroidManifest.xml:19:9-32
	android:name
		ADDED from src/main/AndroidManifest.xml:18:9-53
application
ADDED from src/main/AndroidManifest.xml:21:5-76:19
MERGED from [:facesdk] AndroidManifest.xml:14:5-18:19
MERGED from [:facesdk] AndroidManifest.xml:14:5-18:19
MERGED from [com.inuker.bluetooth:library:1.4.0] AndroidManifest.xml:20:5-22:19
MERGED from [com.inuker.bluetooth:library:1.4.0] AndroidManifest.xml:20:5-22:19
MERGED from [com.dilusense.android:customkeyboard:1.1] AndroidManifest.xml:11:5-15:19
MERGED from [com.dilusense.android:customkeyboard:1.1] AndroidManifest.xml:11:5-15:19
MERGED from [cat.ereza:customactivityoncrash:1.5.0] AndroidManifest.xml:26:5-31:19
MERGED from [cat.ereza:customactivityoncrash:1.5.0] AndroidManifest.xml:26:5-31:19
MERGED from [com.android.support.constraint:constraint-layout:1.0.2] AndroidManifest.xml:9:5-20
MERGED from [com.android.support.constraint:constraint-layout:1.0.2] AndroidManifest.xml:9:5-20
MERGED from [com.victor:lib:1.0.4] AndroidManifest.xml:11:5-14:19
MERGED from [com.victor:lib:1.0.4] AndroidManifest.xml:11:5-14:19
MERGED from [com.github.vipulasri:timelineview:1.1.0] AndroidManifest.xml:11:5-15:19
MERGED from [com.github.vipulasri:timelineview:1.1.0] AndroidManifest.xml:11:5-15:19
MERGED from [com.github.bumptech.glide:glide:4.8.0] AndroidManifest.xml:10:5-20
MERGED from [com.github.bumptech.glide:glide:4.8.0] AndroidManifest.xml:10:5-20
MERGED from [com.github.bumptech.glide:gifdecoder:4.8.0] AndroidManifest.xml:9:5-20
MERGED from [com.github.bumptech.glide:gifdecoder:4.8.0] AndroidManifest.xml:9:5-20
	android:supportsRtl
		ADDED from src/main/AndroidManifest.xml:27:9-35
	android:label
		ADDED from src/main/AndroidManifest.xml:25:9-41
	android:roundIcon
		ADDED from src/main/AndroidManifest.xml:26:9-54
	android:icon
		ADDED from src/main/AndroidManifest.xml:24:9-43
	android:allowBackup
		ADDED from src/main/AndroidManifest.xml:23:9-35
	android:theme
		ADDED from src/main/AndroidManifest.xml:28:9-40
	android:name
		ADDED from src/main/AndroidManifest.xml:22:9-56
activity#com.ihealth.activities.RegisterActivity
ADDED from src/main/AndroidManifest.xml:29:9-32:20
	android:screenOrientation
		ADDED from src/main/AndroidManifest.xml:30:13-50
	android:theme
		ADDED from src/main/AndroidManifest.xml:31:13-69
	android:name
		ADDED from src/main/AndroidManifest.xml:29:19-73
activity#com.ihealth.BaseActivity
ADDED from src/main/AndroidManifest.xml:33:9-61
	android:name
		ADDED from src/main/AndroidManifest.xml:33:19-58
activity#com.ihealth.activities.SplashStartActivity
ADDED from src/main/AndroidManifest.xml:34:9-43:20
	android:screenOrientation
		ADDED from src/main/AndroidManifest.xml:36:13-50
	android:theme
		ADDED from src/main/AndroidManifest.xml:37:13-69
	android:name
		ADDED from src/main/AndroidManifest.xml:35:13-70
intent-filter#action:name:android.intent.action.MAIN+category:name:android.intent.category.LAUNCHER
ADDED from src/main/AndroidManifest.xml:38:13-42:29
action#android.intent.action.MAIN
ADDED from src/main/AndroidManifest.xml:39:17-69
	android:name
		ADDED from src/main/AndroidManifest.xml:39:25-66
category#android.intent.category.LAUNCHER
ADDED from src/main/AndroidManifest.xml:41:17-77
	android:name
		ADDED from src/main/AndroidManifest.xml:41:27-74
activity#com.ihealth.activities.LoginActivity
ADDED from src/main/AndroidManifest.xml:44:9-47:72
	android:screenOrientation
		ADDED from src/main/AndroidManifest.xml:46:13-50
	android:theme
		ADDED from src/main/AndroidManifest.xml:47:13-69
	android:name
		ADDED from src/main/AndroidManifest.xml:45:13-64
activity#com.ihealth.MainActivity
ADDED from src/main/AndroidManifest.xml:48:9-59:20
	android:screenOrientation
		ADDED from src/main/AndroidManifest.xml:50:13-50
	android:theme
		ADDED from src/main/AndroidManifest.xml:51:13-69
	android:name
		ADDED from src/main/AndroidManifest.xml:49:13-52
activity#com.ihealth.activities.DetectActivity
ADDED from src/main/AndroidManifest.xml:60:9-63:72
	android:screenOrientation
		ADDED from src/main/AndroidManifest.xml:62:13-50
	android:theme
		ADDED from src/main/AndroidManifest.xml:63:13-69
	android:name
		ADDED from src/main/AndroidManifest.xml:61:13-65
activity#com.ihealth.activities.TrackActivity
ADDED from src/main/AndroidManifest.xml:64:9-67:72
	android:screenOrientation
		ADDED from src/main/AndroidManifest.xml:66:13-50
	android:theme
		ADDED from src/main/AndroidManifest.xml:67:13-69
	android:name
		ADDED from src/main/AndroidManifest.xml:65:13-64
activity#com.ihealth.activities.AttrActivity
ADDED from src/main/AndroidManifest.xml:68:9-71:72
	android:screenOrientation
		ADDED from src/main/AndroidManifest.xml:70:13-50
	android:theme
		ADDED from src/main/AndroidManifest.xml:71:13-69
	android:name
		ADDED from src/main/AndroidManifest.xml:69:13-63
service#com.inuker.bluetooth.library.BluetoothService
ADDED from src/main/AndroidManifest.xml:72:9-73:76
MERGED from [com.inuker.bluetooth:library:1.4.0] AndroidManifest.xml:21:9-81
MERGED from [com.inuker.bluetooth:library:1.4.0] AndroidManifest.xml:21:9-81
	android:name
		ADDED from src/main/AndroidManifest.xml:73:13-73
service#net.xprinter.service.XprinterService
ADDED from src/main/AndroidManifest.xml:74:9-80
	android:name
		ADDED from src/main/AndroidManifest.xml:74:18-69
uses-sdk
INJECTED from src/main/AndroidManifest.xml reason: use-sdk injection requested
INJECTED from src/main/AndroidManifest.xml
INJECTED from src/main/AndroidManifest.xml
MERGED from [:facesdk] AndroidManifest.xml:8:5-10:41
MERGED from [:facesdk] AndroidManifest.xml:8:5-10:41
MERGED from [com.inuker.bluetooth:library:1.4.0] AndroidManifest.xml:7:5-9:41
MERGED from [com.inuker.bluetooth:library:1.4.0] AndroidManifest.xml:7:5-9:41
MERGED from [com.dilusense.android:customkeyboard:1.1] AndroidManifest.xml:7:5-9:41
MERGED from [com.dilusense.android:customkeyboard:1.1] AndroidManifest.xml:7:5-9:41
MERGED from [com.android.support:design:27.1.1] AndroidManifest.xml:20:5-44
MERGED from [com.android.support:design:27.1.1] AndroidManifest.xml:20:5-44
MERGED from [com.android.support:appcompat-v7:27.1.1] AndroidManifest.xml:20:5-44
MERGED from [com.android.support:appcompat-v7:27.1.1] AndroidManifest.xml:20:5-44
MERGED from [com.android.support:recyclerview-v7:27.1.1] AndroidManifest.xml:20:5-44
MERGED from [com.android.support:recyclerview-v7:27.1.1] AndroidManifest.xml:20:5-44
MERGED from [cat.ereza:customactivityoncrash:1.5.0] AndroidManifest.xml:22:5-24:41
MERGED from [cat.ereza:customactivityoncrash:1.5.0] AndroidManifest.xml:22:5-24:41
MERGED from [com.android.support.constraint:constraint-layout:1.0.2] AndroidManifest.xml:5:5-7:41
MERGED from [com.android.support.constraint:constraint-layout:1.0.2] AndroidManifest.xml:5:5-7:41
MERGED from [com.victor:lib:1.0.4] AndroidManifest.xml:7:5-9:41
MERGED from [com.victor:lib:1.0.4] AndroidManifest.xml:7:5-9:41
MERGED from [com.github.vipulasri:timelineview:1.1.0] AndroidManifest.xml:7:5-9:41
MERGED from [com.github.vipulasri:timelineview:1.1.0] AndroidManifest.xml:7:5-9:41
MERGED from [com.github.bumptech.glide:glide:4.8.0] AndroidManifest.xml:6:5-8:41
MERGED from [com.github.bumptech.glide:glide:4.8.0] AndroidManifest.xml:6:5-8:41
MERGED from [com.android.support:support-v4:27.1.1] AndroidManifest.xml:20:5-44
MERGED from [com.android.support:support-v4:27.1.1] AndroidManifest.xml:20:5-44
MERGED from [com.android.support:support-fragment:27.1.1] AndroidManifest.xml:20:5-44
MERGED from [com.android.support:support-fragment:27.1.1] AndroidManifest.xml:20:5-44
MERGED from [com.android.support:animated-vector-drawable:27.1.1] AndroidManifest.xml:20:5-44
MERGED from [com.android.support:animated-vector-drawable:27.1.1] AndroidManifest.xml:20:5-44
MERGED from [com.android.support:support-core-ui:27.1.1] AndroidManifest.xml:20:5-44
MERGED from [com.android.support:support-core-ui:27.1.1] AndroidManifest.xml:20:5-44
MERGED from [com.android.support:support-core-utils:27.1.1] AndroidManifest.xml:20:5-44
MERGED from [com.android.support:support-core-utils:27.1.1] AndroidManifest.xml:20:5-44
MERGED from [com.android.support:support-vector-drawable:27.1.1] AndroidManifest.xml:20:5-44
MERGED from [com.android.support:support-vector-drawable:27.1.1] AndroidManifest.xml:20:5-44
MERGED from [com.android.support:transition:27.1.1] AndroidManifest.xml:20:5-44
MERGED from [com.android.support:transition:27.1.1] AndroidManifest.xml:20:5-44
MERGED from [com.android.support:support-media-compat:27.1.1] AndroidManifest.xml:20:5-44
MERGED from [com.android.support:support-media-compat:27.1.1] AndroidManifest.xml:20:5-44
MERGED from [com.android.support:support-compat:27.1.1] AndroidManifest.xml:20:5-44
MERGED from [com.android.support:support-compat:27.1.1] AndroidManifest.xml:20:5-44
MERGED from [com.github.bumptech.glide:gifdecoder:4.8.0] AndroidManifest.xml:5:5-7:41
MERGED from [com.github.bumptech.glide:gifdecoder:4.8.0] AndroidManifest.xml:5:5-7:41
MERGED from [android.arch.lifecycle:livedata-core:1.1.0] AndroidManifest.xml:20:5-44
MERGED from [android.arch.lifecycle:livedata-core:1.1.0] AndroidManifest.xml:20:5-44
MERGED from [android.arch.lifecycle:viewmodel:1.1.0] AndroidManifest.xml:20:5-44
MERGED from [android.arch.lifecycle:viewmodel:1.1.0] AndroidManifest.xml:20:5-44
MERGED from [android.arch.lifecycle:runtime:1.1.0] AndroidManifest.xml:20:5-44
MERGED from [android.arch.lifecycle:runtime:1.1.0] AndroidManifest.xml:20:5-44
MERGED from [android.arch.core:runtime:1.1.0] AndroidManifest.xml:20:5-44
MERGED from [android.arch.core:runtime:1.1.0] AndroidManifest.xml:20:5-44
INJECTED from src/main/AndroidManifest.xml
INJECTED from src/main/AndroidManifest.xml
	android:targetSdkVersion
		INJECTED from src/main/AndroidManifest.xml
		ADDED from src/main/AndroidManifest.xml
		INJECTED from src/main/AndroidManifest.xml
	android:minSdkVersion
		INJECTED from src/main/AndroidManifest.xml
		ADDED from src/main/AndroidManifest.xml
		INJECTED from src/main/AndroidManifest.xml
activity#cat.ereza.customactivityoncrash.activity.DefaultErrorActivity
ADDED from [cat.ereza:customactivityoncrash:1.5.0] AndroidManifest.xml:27:9-30:65
	android:process
		ADDED from [cat.ereza:customactivityoncrash:1.5.0] AndroidManifest.xml:29:13-46
	android:theme
		ADDED from [cat.ereza:customactivityoncrash:1.5.0] AndroidManifest.xml:30:13-62
	android:name
		ADDED from [cat.ereza:customactivityoncrash:1.5.0] AndroidManifest.xml:28:13-89